<?xml version="1.0" encoding="UTF-8"?>
<testsuite name="com.example.multimodulelibrary.MultiModuleLibraryApplicationTests" tests="1" skipped="0" failures="0" errors="0" timestamp="2022-02-08T18:14:48" hostname="LAPTOP-OJFH300H" time="0.174">
  <properties/>
  <testcase name="contextLoads()" classname="com.example.multimodulelibrary.MultiModuleLibraryApplicationTests" time="0.174"/>
  <system-out><![CDATA[13:14:46.862 [Test worker] DEBUG org.springframework.test.context.BootstrapUtils - Instantiating CacheAwareContextLoaderDelegate from class [org.springframework.test.context.cache.DefaultCacheAwareContextLoaderDelegate]
13:14:46.878 [Test worker] DEBUG org.springframework.test.context.BootstrapUtils - Instantiating BootstrapContext using constructor [public org.springframework.test.context.support.DefaultBootstrapContext(java.lang.Class,org.springframework.test.context.CacheAwareContextLoaderDelegate)]
13:14:46.903 [Test worker] DEBUG org.springframework.test.context.BootstrapUtils - Instantiating TestContextBootstrapper for test class [com.example.multimodulelibrary.MultiModuleLibraryApplicationTests] from class [org.springframework.boot.test.context.SpringBootTestContextBootstrapper]
13:14:46.911 [Test worker] INFO org.springframework.boot.test.context.SpringBootTestContextBootstrapper - Neither @ContextConfiguration nor @ContextHierarchy found for test class [com.example.multimodulelibrary.MultiModuleLibraryApplicationTests], using SpringBootContextLoader
13:14:46.914 [Test worker] DEBUG org.springframework.test.context.support.AbstractContextLoader - Did not detect default resource location for test class [com.example.multimodulelibrary.MultiModuleLibraryApplicationTests]: class path resource [com/example/multimodulelibrary/MultiModuleLibraryApplicationTests-context.xml] does not exist
13:14:46.914 [Test worker] DEBUG org.springframework.test.context.support.AbstractContextLoader - Did not detect default resource location for test class [com.example.multimodulelibrary.MultiModuleLibraryApplicationTests]: class path resource [com/example/multimodulelibrary/MultiModuleLibraryApplicationTestsContext.groovy] does not exist
13:14:46.914 [Test worker] INFO org.springframework.test.context.support.AbstractContextLoader - Could not detect default resource locations for test class [com.example.multimodulelibrary.MultiModuleLibraryApplicationTests]: no resource found for suffixes {-context.xml, Context.groovy}.
13:14:46.914 [Test worker] INFO org.springframework.test.context.support.AnnotationConfigContextLoaderUtils - Could not detect default configuration classes for test class [com.example.multimodulelibrary.MultiModuleLibraryApplicationTests]: MultiModuleLibraryApplicationTests does not declare any static, non-private, non-final, nested classes annotated with @Configuration.
13:14:46.942 [Test worker] DEBUG org.springframework.test.context.support.ActiveProfilesUtils - Could not find an 'annotation declaring class' for annotation type [org.springframework.test.context.ActiveProfiles] and class [com.example.multimodulelibrary.MultiModuleLibraryApplicationTests]
13:14:46.985 [Test worker] DEBUG org.springframework.context.annotation.ClassPathScanningCandidateComponentProvider - Identified candidate component class: file [C:\Subbu\code\multi-project-gradle\core\build\classes\java\main\com\example\multimodulelibrary\MultiModuleLibraryApplication.class]
13:14:46.986 [Test worker] INFO org.springframework.boot.test.context.SpringBootTestContextBootstrapper - Found @SpringBootConfiguration com.example.multimodulelibrary.MultiModuleLibraryApplication for test class com.example.multimodulelibrary.MultiModuleLibraryApplicationTests
13:14:47.051 [Test worker] DEBUG org.springframework.boot.test.context.SpringBootTestContextBootstrapper - @TestExecutionListeners is not present for class [com.example.multimodulelibrary.MultiModuleLibraryApplicationTests]: using defaults.
13:14:47.051 [Test worker] INFO org.springframework.boot.test.context.SpringBootTestContextBootstrapper - Loaded default TestExecutionListener class names from location [META-INF/spring.factories]: [org.springframework.boot.test.autoconfigure.restdocs.RestDocsTestExecutionListener, org.springframework.boot.test.autoconfigure.web.client.MockRestServiceServerResetTestExecutionListener, org.springframework.boot.test.autoconfigure.web.servlet.MockMvcPrintOnlyOnFailureTestExecutionListener, org.springframework.boot.test.autoconfigure.web.servlet.WebDriverTestExecutionListener, org.springframework.boot.test.autoconfigure.webservices.client.MockWebServiceServerTestExecutionListener, org.springframework.boot.test.mock.mockito.MockitoTestExecutionListener, org.springframework.boot.test.mock.mockito.ResetMocksTestExecutionListener, org.springframework.test.context.web.ServletTestExecutionListener, org.springframework.test.context.support.DirtiesContextBeforeModesTestExecutionListener, org.springframework.test.context.event.ApplicationEventsTestExecutionListener, org.springframework.test.context.support.DependencyInjectionTestExecutionListener, org.springframework.test.context.support.DirtiesContextTestExecutionListener, org.springframework.test.context.transaction.TransactionalTestExecutionListener, org.springframework.test.context.jdbc.SqlScriptsTestExecutionListener, org.springframework.test.context.event.EventPublishingTestExecutionListener]
13:14:47.063 [Test worker] INFO org.springframework.boot.test.context.SpringBootTestContextBootstrapper - Using TestExecutionListeners: [org.springframework.test.context.web.ServletTestExecutionListener@1458ed9c, org.springframework.test.context.support.DirtiesContextBeforeModesTestExecutionListener@10a9d961, org.springframework.test.context.event.ApplicationEventsTestExecutionListener@130e116b, org.springframework.boot.test.mock.mockito.MockitoTestExecutionListener@e383572, org.springframework.boot.test.autoconfigure.SpringBootDependencyInjectionTestExecutionListener@5ddf0d24, org.springframework.test.context.support.DirtiesContextTestExecutionListener@363a52f, org.springframework.test.context.transaction.TransactionalTestExecutionListener@60856961, org.springframework.test.context.jdbc.SqlScriptsTestExecutionListener@2fd953a6, org.springframework.test.context.event.EventPublishingTestExecutionListener@a4add54, org.springframework.boot.test.autoconfigure.restdocs.RestDocsTestExecutionListener@141e5bef, org.springframework.boot.test.autoconfigure.web.client.MockRestServiceServerResetTestExecutionListener@5f9be66c, org.springframework.boot.test.autoconfigure.web.servlet.MockMvcPrintOnlyOnFailureTestExecutionListener@3abada5a, org.springframework.boot.test.autoconfigure.web.servlet.WebDriverTestExecutionListener@66c61024, org.springframework.boot.test.autoconfigure.webservices.client.MockWebServiceServerTestExecutionListener@61fe30, org.springframework.boot.test.mock.mockito.ResetMocksTestExecutionListener@c9d0d6]
13:14:47.066 [Test worker] DEBUG org.springframework.test.context.support.AbstractDirtiesContextTestExecutionListener - Before test class: context [DefaultTestContext@38089a5a testClass = MultiModuleLibraryApplicationTests, testInstance = [null], testMethod = [null], testException = [null], mergedContextConfiguration = [WebMergedContextConfiguration@30e868be testClass = MultiModuleLibraryApplicationTests, locations = '{}', classes = '{class com.example.multimodulelibrary.MultiModuleLibraryApplication}', contextInitializerClasses = '[]', activeProfiles = '{}', propertySourceLocations = '{}', propertySourceProperties = '{org.springframework.boot.test.context.SpringBootTestContextBootstrapper=true}', contextCustomizers = set[org.springframework.boot.test.autoconfigure.actuate.metrics.MetricsExportContextCustomizerFactory$DisableMetricExportContextCustomizer@3e27ba32, org.springframework.boot.test.autoconfigure.properties.PropertyMappingContextCustomizer@0, org.springframework.boot.test.autoconfigure.web.servlet.WebDriverContextCustomizerFactory$Customizer@1c5920df, org.springframework.boot.test.context.filter.ExcludeFilterContextCustomizer@15043a2f, org.springframework.boot.test.json.DuplicateJsonObjectContextCustomizerFactory$DuplicateJsonObjectContextCustomizer@4b29d1d2, org.springframework.boot.test.mock.mockito.MockitoContextCustomizer@0, org.springframework.boot.test.web.client.TestRestTemplateContextCustomizer@5032714f, org.springframework.boot.test.context.SpringBootTestArgs@1, org.springframework.boot.test.context.SpringBootTestWebEnvironment@ec756bd], resourceBasePath = 'src/main/webapp', contextLoader = 'org.springframework.boot.test.context.SpringBootContextLoader', parent = [null]], attributes = map['org.springframework.test.context.web.ServletTestExecutionListener.activateListener' -> true]], class annotated with @DirtiesContext [false] with mode [null].
13:14:47.093 [Test worker] DEBUG org.springframework.boot.ApplicationServletEnvironment - Activating profiles []
13:14:47.093 [Test worker] DEBUG org.springframework.test.context.support.TestPropertySourceUtils - Adding inlined properties to environment: {spring.jmx.enabled=false, org.springframework.boot.test.context.SpringBootTestContextBootstrapper=true}

  .   ____          _            __ _ _
 /\\ / ___'_ __ _ _(_)_ __  __ _ \ \ \ \
( ( )\___ | '_ | '_| | '_ \/ _` | \ \ \ \
 \\/  ___)| |_)| | | | | || (_| |  ) ) ) )
  '  |____| .__|_| |_|_| |_\__, | / / / /
 =========|_|==============|___/=/_/_/_/
 :: Spring Boot ::                (v2.6.2)

2022-02-08 13:14:47.262  INFO 6120 --- [    Test worker] c.e.m.MultiModuleLibraryApplicationTests : Starting MultiModuleLibraryApplicationTests using Java 1.8.0-262 on LAPTOP-OJFH300H with PID 6120 (started by Venkata Subba Reddy in C:\Subbu\code\multi-project-gradle\core)
2022-02-08 13:14:47.263  INFO 6120 --- [    Test worker] c.e.m.MultiModuleLibraryApplicationTests : No active profile set, falling back to default profiles: default
2022-02-08 13:14:48.728  INFO 6120 --- [    Test worker] c.e.m.MultiModuleLibraryApplicationTests : Started MultiModuleLibraryApplicationTests in 1.635 seconds (JVM running for 2.423)
]]></system-out>
  <system-err><![CDATA[]]></system-err>
</testsuite>
